{"/Users/benvanraemdonck/Desktop/icapps/email-service/src/lib/calculator.ts": {"path":"/Users/benvanraemdonck/Desktop/icapps/email-service/src/lib/calculator.ts","statementMap":{"0":{"start":{"line":1,"column":0},"end":{"line":1,"column":72}},"1":{"start":{"line":5,"column":4},"end":{"line":5,"column":25}},"2":{"start":{"line":3,"column":0},"end":{"line":3,"column":16}}},"fnMap":{"0":{"name":"plusTen","decl":{"start":{"line":3,"column":16},"end":{"line":3,"column":23}},"loc":{"start":{"line":3,"column":75},"end":{"line":7,"column":1}}}},"branchMap":{"0":{"loc":{"start":{"line":3,"column":50},"end":{"line":3,"column":75}},"type":"default-arg","locations":[{"start":{"line":3,"column":50},"end":{"line":3,"column":75}}]}},"s":{"0":1,"1":1,"2":1},"f":{"0":1},"b":{"0":[1]}}
}
